<?xml version="1.0" encoding="UTF-8" ?><testsuite errors="0" name="jasmine.specs" tests="19" failures="0" skipped="0" hostname="localhost" time="0.0" timestamp="2011-06-27T20:45:50"><testcase classname="jasmine" name="ArrayList should be of type List" time="0.0" failure="false"/><testcase classname="jasmine" name="ArrayList should be empty at the beginning" time="0.0" failure="false"/><testcase classname="jasmine" name="ArrayList should contain all elements that have been given in the constructor" time="0.0" failure="false"/><testcase classname="jasmine" name="ArrayList should contain one element when an element is added" time="0.0" failure="false"/><testcase classname="jasmine" name="ArrayList should add an element at the correct position" time="0.0" failure="false"/><testcase classname="jasmine" name="ArrayList should contain all added elements" time="0.0" failure="false"/><testcase classname="jasmine" name="ArrayList should fail if an element at an invalid position is requested" time="0.0" failure="false"/><testcase classname="jasmine" name="ArrayList should return an element that has been added" time="0.0" failure="false"/><testcase classname="jasmine" name="ArrayList should fail if an element at an invalid position should be inserted" time="0.0" failure="false"/><testcase classname="jasmine" name="ArrayList should be empty after clear has been called" time="0.0" failure="false"/><testcase classname="jasmine" name="ArrayList should return true if an element has been added and contains is called (and false otherwise)" time="0.0" failure="false"/><testcase classname="jasmine" name="ArrayList should be equal to another collection with the same elements" time="0.0" failure="false"/><testcase classname="jasmine" name="ArrayList should not be equal to another collection with the same elements in a different order" time="0.0" failure="false"/><testcase classname="jasmine" name="ArrayList should contain the correct elements if removeAll is called" time="0.0" failure="false"/><testcase classname="jasmine" name="ArrayList should return the correct values for indexOf and lastIndexOf" time="0.0" failure="false"/><testcase classname="jasmine" name="ArrayList should contain the correct elements if remove is called" time="0.0" failure="false"/><testcase classname="jasmine" name="ArrayList should retain the correct elements if retain is called" time="0.0" failure="false"/><testcase classname="jasmine" name="ArrayList should replace the correct element when set is called" time="0.0" failure="false"/><testcase classname="jasmine" name="ArrayList should return the correct elements when subList is called" time="0.0" failure="false"/></testsuite>